   1003
   1016
   1366
   17
   172
   180
   195
   215
   221
   234
   2400
   37
   3806
   3833
   3850
   3878
   41762
   448
   449
   451
   452
   454
   457
   459
   461
   463
   469
   475
   475
   477
   477
   482
   486
   495
   5
   533
   583
   625
   666
   720
   723
   723
   724
   726
   728
   729
   73
   731
   732
   733
   735
   737
   737
   742
   746
   746
   747
   748
   748
   749
   749
   750
   752
   753
   754
   754
   754
   755
   755
   756
   756
   757
   761
   763
   765
   766
   768
   768
   771
   776
   777
   777
   779
   780
   780
   780
   784
   784
   785
   787
   791
   794
   795
   798
   798
   800
   800
   800
   800
   808
   808
   810
   812
   819
   826
   829
   832
   851
   917
   917
   921
   935
   942
