   180
   37
   917
   172
   921
   829
   785
   808
   195
   215
   234
   851
   221
   452
   748
   935
   917
   495
   1003
   1016
   942
   2400
   826
   794
   800
   795
   666
   800
   625
   583
   533
   768
   832
   819
   780
   449
   810
   800
   469
   780
   798
   812
   475
   784
   776
   771
   800
   798
   486
   787
   3833
   475
   780
   756
   791
   777
   750
   754
   73
   746
   723
   724
   749
   723
   729
   768
   477
   720
   726
   737
   728
   461
   732
   779
   755
   737
   451
   784
   763
   735
   477
   731
   777
   808
   754
   448
   747
   457
   754
   753
   755
   482
   752
   748
   742
   459
   766
   454
   761
   757
   765
   463
   746
   749
   733
   3806
   3850
   756
   1366
   3878
   5
   17
   41762
